[box]
[b]Nation:[/b] Babylat
[b]Event:[/b] Bana
[b]Age:[/b] 33
[b]# Yrs. Experience in Event/Sport:[/b] 13
[b]Skill Lvl (1-20):[/b] 10
[b]Sex (M/F):[/b] Female
[b]Name:[/b] Adas
[/box]
[hr][/hr]
 
[box]
[b]Nation:[/b] as
[b]Event:[/b] as
[b]Age:[/b] 38
[b]# Yrs. Experience in Event/Sport:[/b] 6
[b]Skill Lvl (1-20):[/b] 5
[b]Sex (M/F):[/b] Female
[b]Name:[/b] Dsgfs
[/box]
[hr][/hr]
 
[box]
[b]Nation:[/b] Babylatia
[b]Event:[/b] Bana
[b]Age:[/b] 26
[b]# Yrs. Experience in Event/Sport:[/b] 6
[b]Skill Lvl (1-20):[/b] 6
[b]Sex (M/F):[/b] Female
[b]Name:[/b] Somone
[/box]
[hr][/hr]
 
[box]
[b]Nation:[/b] Babylatia
[b]Event:[/b] Bana1
[b]Age:[/b] 32
[b]# Yrs. Experience in Event/Sport:[/b] 13
[b]Skill Lvl (1-20):[/b] 10
[b]Sex (M/F):[/b] Female
[b]Name:[/b] Dif
[/box]
[hr][/hr]
 
[box]
[b]Nation:[/b] Babylatia
[b]Event:[/b] Bana2
[b]Age:[/b] 23
[b]# Yrs. Experience in Event/Sport:[/b] 5
[b]Skill Lvl (1-20):[/b] 5
[b]Sex (M/F):[/b] Male
[b]Name:[/b] Abc
[/box]
[hr][/hr]
 
